<?xml version="1.0" encoding="UTF-8"?>
<!-- Generated by org.testng.reporters.JUnitXMLReporter -->
<testsuite ignored="0" hostname="TAUFEEQUE-PC" failures="1" tests="4" name="Test" time="41.052" errors="0" timestamp="2024-09-17T22:19:11 IST">
  <testcase classname="CrocusRobotic.test.PlaceOrder" name="submitOrder" time="13.825"/>
  <testcase classname="CrocusRobotic.test.PlaceOrder" name="submitOrder" time="11.154"/>
  <testcase classname="CrocusRobotic.test.ErrorValidation" name="submitOrder" time="0.956">
    <skipped/>
  </testcase> <!-- submitOrder -->
  <testcase classname="CrocusRobotic.test.ErrorValidation" name="submitOrder" time="0.729">
    <failure type="java.lang.AssertionError" message="expected [Incorrect email or password.] but found [Incorrect email o password.]">
      <![CDATA[java.lang.AssertionError: expected [Incorrect email or password.] but found [Incorrect email o password.]
at CrocusRobotic.test.ErrorValidation.submitOrder(ErrorValidation.java:23)
at java.base/java.util.ArrayList.forEach(ArrayList.java:1511)
at java.base/java.util.concurrent.FutureTask.run(FutureTask.java:264)
at java.base/java.util.concurrent.ThreadPoolExecutor.runWorker(ThreadPoolExecutor.java:1136)
at java.base/java.util.concurrent.ThreadPoolExecutor$Worker.run(ThreadPoolExecutor.java:635)
at java.base/java.lang.Thread.run(Thread.java:840)
... Removed 23 stack frames]]>
    </failure>
  </testcase> <!-- submitOrder -->
</testsuite> <!-- Test -->
